<?xml version="1.0" encoding="UTF-8"?>
<testsuite xmlns:xsi="http://www.w3.org/2001/XMLSchema-instance" xsi:noNamespaceSchemaLocation="https://maven.apache.org/surefire/maven-surefire-plugin/xsd/surefire-test-report-3.0.xsd" version="3.0" name="question2.question2_student_api.Question2StudentApiApplicationTests" time="10.159" tests="7" errors="0" skipped="0" failures="0">
  <properties>
[...]
</properties>
  <testcase name="testRegisterNewStudent" classname="question2.question2_student_api.Question2StudentApiApplicationTests" time="3.344">
    <system-out><![CDATA[15:41:43.084 [main] INFO org.springframework.test.context.support.AnnotationConfigContextLoaderUtils -- Could not detect default configuration classes for test class [question2.question2_student_api.Question2StudentApiApplicationTests]: Question2StudentApiApplicationTests does not declare any static, non-private, non-final, nested classes annotated with @Configuration.
15:41:43.399 [main] INFO org.springframework.boot.test.context.SpringBootTestContextBootstrapper -- Found @SpringBootConfiguration question2.question2_student_api.Question2StudentApiApplication for test class question2.question2_student_api.Question2StudentApiApplicationTests

  .   ____          _            __ _ _
 /\\ / ___'_ __ _ _(_)_ __  __ _ \ \ \ \
( ( )\___ | '_ | '_| | '_ \/ _` | \ \ \ \
 \\/  ___)| |_)| | | | | || (_| |  ) ) ) )
  '  |____| .__|_| |_|_| |_\__, | / / / /
 =========|_|==============|___/=/_/_/_/
 :: Spring Boot ::                (v3.2.0)

2026-02-09T15:41:44.620+02:00  INFO 19636 --- [           main] q.q.Question2StudentApiApplicationTests  : Starting Question2StudentApiApplicationTests using Java 21.0.8 with PID 19636 (started by user in D:\Downloads\question2-student-api)
2026-02-09T15:41:44.623+02:00  INFO 19636 --- [           main] q.q.Question2StudentApiApplicationTests  : No active profile set, falling back to 1 default profile: "default"
2026-02-09T15:41:47.904+02:00  INFO 19636 --- [           main] o.s.b.w.embedded.tomcat.TomcatWebServer  : Tomcat initialized with port 0 (http)
2026-02-09T15:41:47.938+02:00  INFO 19636 --- [           main] o.apache.catalina.core.StandardService   : Starting service [Tomcat]
2026-02-09T15:41:47.939+02:00  INFO 19636 --- [           main] o.apache.catalina.core.StandardEngine    : Starting Servlet engine: [Apache Tomcat/10.1.16]
2026-02-09T15:41:48.131+02:00  INFO 19636 --- [           main] o.a.c.c.C.[Tomcat].[localhost].[/]       : Initializing Spring embedded WebApplicationContext
2026-02-09T15:41:48.134+02:00  INFO 19636 --- [           main] w.s.c.ServletWebServerApplicationContext : Root WebApplicationContext: initialization completed in 3459 ms
2026-02-09T15:41:49.227+02:00  INFO 19636 --- [           main] o.s.b.w.embedded.tomcat.TomcatWebServer  : Tomcat started on port 53913 (http) with context path ''
2026-02-09T15:41:49.253+02:00  INFO 19636 --- [           main] q.q.Question2StudentApiApplicationTests  : Started Question2StudentApiApplicationTests in 5.425 seconds (process running for 7.97)
2026-02-09T15:41:52.432+02:00  INFO 19636 --- [o-auto-1-exec-1] o.a.c.c.C.[Tomcat].[localhost].[/]       : Initializing Spring DispatcherServlet 'dispatcherServlet'
2026-02-09T15:41:52.433+02:00  INFO 19636 --- [o-auto-1-exec-1] o.s.web.servlet.DispatcherServlet        : Initializing Servlet 'dispatcherServlet'
2026-02-09T15:41:52.435+02:00  INFO 19636 --- [o-auto-1-exec-1] o.s.web.servlet.DispatcherServlet        : Completed initialization in 2 ms
]]></system-out>
    <system-err><![CDATA[WARNING: A Java agent has been loaded dynamically (C:\Users\user\.m2\repository\net\bytebuddy\byte-buddy-agent\1.14.10\byte-buddy-agent-1.14.10.jar)
WARNING: If a serviceability tool is in use, please run with -XX:+EnableDynamicAgentLoading to hide this warning
WARNING: If a serviceability tool is not in use, please run with -Djdk.instrument.traceUsage for more information
WARNING: Dynamic loading of agents will be disallowed by default in a future release
]]></system-err>
  </testcase>
  <testcase name="testFilterStudentsByGpa" classname="question2.question2_student_api.Question2StudentApiApplicationTests" time="0.045"/>
  <testcase name="testUpdateStudent" classname="question2.question2_student_api.Question2StudentApiApplicationTests" time="0.026"/>
  <testcase name="testGetAllStudents" classname="question2.question2_student_api.Question2StudentApiApplicationTests" time="0.022"/>
  <testcase name="testGetStudentById" classname="question2.question2_student_api.Question2StudentApiApplicationTests" time="0.018"/>
  <testcase name="testGetStudentsByMajor" classname="question2.question2_student_api.Question2StudentApiApplicationTests" time="0.017"/>
  <testcase name="testFilterStudentsWithGpa3Point5" classname="question2.question2_student_api.Question2StudentApiApplicationTests" time="0.026">
    <system-out><![CDATA[
=== Students with GPA >= 3.5 ===
Student{studentId=1, firstName='John', lastName='Doe', email='john.doe@email.com', major='Computer Science', gpa=3.95}
Student{studentId=2, firstName='Sarah', lastName='Johnson', email='sarah.johnson@email.com', major='Computer Science', gpa=3.9}
Student{studentId=3, firstName='Michael', lastName='Brown', email='michael.brown@email.com', major='Mathematics', gpa=3.5}
Student{studentId=5, firstName='David', lastName='Wilson', email='david.wilson@email.com', major='Computer Science', gpa=3.6}
Student{studentId=6, firstName='Robert', lastName='Taylor', email='robert.taylor@email.com', major='Engineering', gpa=3.7}
]]></system-out>
  </testcase>
</testsuite>